Performing C SOURCE FILE Test CMAKE_HAVE_LIBC_PTHREAD failed with the following output:
Change Dir: /home/aleksandr/AndroidStudioProjects/libs/mbedtls/build/x86/CMakeFiles/CMakeTmp

Run Build Command(s):/usr/bin/make -f Makefile cmTC_835b5/fast && /usr/bin/make  -f CMakeFiles/cmTC_835b5.dir/build.make CMakeFiles/cmTC_835b5.dir/build
make[1]: вход в каталог «/home/aleksandr/AndroidStudioProjects/libs/mbedtls/build/x86/CMakeFiles/CMakeTmp»
Building C object CMakeFiles/cmTC_835b5.dir/src.c.o
/home/aleksandr/Android/Sdk/ndk/23.1.7779620/toolchains/llvm/prebuilt/linux-x86_64/bin/clang --target=i686-none-linux-android16 --sysroot=/home/aleksandr/Android/Sdk/ndk/23.1.7779620/toolchains/llvm/prebuilt/linux-x86_64/sysroot -DCMAKE_HAVE_LIBC_PTHREAD  -DANDROID -fdata-sections -ffunction-sections -funwind-tables -fstack-protector-strong -no-canonical-prefixes -mstackrealign -D_FORTIFY_SOURCE=2 -Wformat -Werror=format-security -fexceptions -Wall -Wextra -Wwrite-strings -Wpointer-arith -Wimplicit-fallthrough -Wshadow -Wvla -Wformat=2 -Wno-format-nonliteral -Werror  -O2 -g -DNDEBUG -fPIE -MD -MT CMakeFiles/cmTC_835b5.dir/src.c.o -MF CMakeFiles/cmTC_835b5.dir/src.c.o.d -o CMakeFiles/cmTC_835b5.dir/src.c.o -c /home/aleksandr/AndroidStudioProjects/libs/mbedtls/build/x86/CMakeFiles/CMakeTmp/src.c
/home/aleksandr/AndroidStudioProjects/libs/mbedtls/build/x86/CMakeFiles/CMakeTmp/src.c:13:3: error: implicit declaration of function 'pthread_cancel' is invalid in C99 [-Werror,-Wimplicit-function-declaration]
  pthread_cancel(thread);
  ^
/home/aleksandr/AndroidStudioProjects/libs/mbedtls/build/x86/CMakeFiles/CMakeTmp/src.c:13:3: note: did you mean 'pthread_once'?
/home/aleksandr/Android/Sdk/ndk/23.1.7779620/toolchains/llvm/prebuilt/linux-x86_64/sysroot/usr/include/pthread.h:275:5: note: 'pthread_once' declared here
int pthread_once(pthread_once_t* __once, void (*__init_routine)(void));
    ^
1 error generated.
CMakeFiles/cmTC_835b5.dir/build.make:78: recipe for target 'CMakeFiles/cmTC_835b5.dir/src.c.o' failed
make[1]: *** [CMakeFiles/cmTC_835b5.dir/src.c.o] Error 1
make[1]: выход из каталога «/home/aleksandr/AndroidStudioProjects/libs/mbedtls/build/x86/CMakeFiles/CMakeTmp»
Makefile:127: recipe for target 'cmTC_835b5/fast' failed
make: *** [cmTC_835b5/fast] Error 2


Source file was:
#include <pthread.h>

static void* test_func(void* data)
{
  return data;
}

int main(void)
{
  pthread_t thread;
  pthread_create(&thread, NULL, test_func, NULL);
  pthread_detach(thread);
  pthread_cancel(thread);
  pthread_join(thread, NULL);
  pthread_atfork(NULL, NULL, NULL);
  pthread_exit(NULL);

  return 0;
}

Determining if the function pthread_create exists in the pthreads failed with the following output:
Change Dir: /home/aleksandr/AndroidStudioProjects/libs/mbedtls/build/x86/CMakeFiles/CMakeTmp

Run Build Command(s):/usr/bin/make -f Makefile cmTC_5fe6f/fast && /usr/bin/make  -f CMakeFiles/cmTC_5fe6f.dir/build.make CMakeFiles/cmTC_5fe6f.dir/build
make[1]: вход в каталог «/home/aleksandr/AndroidStudioProjects/libs/mbedtls/build/x86/CMakeFiles/CMakeTmp»
Building C object CMakeFiles/cmTC_5fe6f.dir/CheckFunctionExists.c.o
/home/aleksandr/Android/Sdk/ndk/23.1.7779620/toolchains/llvm/prebuilt/linux-x86_64/bin/clang --target=i686-none-linux-android16 --sysroot=/home/aleksandr/Android/Sdk/ndk/23.1.7779620/toolchains/llvm/prebuilt/linux-x86_64/sysroot   -DANDROID -fdata-sections -ffunction-sections -funwind-tables -fstack-protector-strong -no-canonical-prefixes -mstackrealign -D_FORTIFY_SOURCE=2 -Wformat -Werror=format-security -fexceptions -Wall -Wextra -Wwrite-strings -Wpointer-arith -Wimplicit-fallthrough -Wshadow -Wvla -Wformat=2 -Wno-format-nonliteral -Werror -DCHECK_FUNCTION_EXISTS=pthread_create -O2 -g -DNDEBUG -fPIE -MD -MT CMakeFiles/cmTC_5fe6f.dir/CheckFunctionExists.c.o -MF CMakeFiles/cmTC_5fe6f.dir/CheckFunctionExists.c.o.d -o CMakeFiles/cmTC_5fe6f.dir/CheckFunctionExists.c.o -c /usr/local/share/cmake-3.22/Modules/CheckFunctionExists.c
Linking C executable cmTC_5fe6f
/usr/local/bin/cmake -E cmake_link_script CMakeFiles/cmTC_5fe6f.dir/link.txt --verbose=1
/home/aleksandr/Android/Sdk/ndk/23.1.7779620/toolchains/llvm/prebuilt/linux-x86_64/bin/clang --target=i686-none-linux-android16 --sysroot=/home/aleksandr/Android/Sdk/ndk/23.1.7779620/toolchains/llvm/prebuilt/linux-x86_64/sysroot -DANDROID -fdata-sections -ffunction-sections -funwind-tables -fstack-protector-strong -no-canonical-prefixes -mstackrealign -D_FORTIFY_SOURCE=2 -Wformat -Werror=format-security -fexceptions -Wall -Wextra -Wwrite-strings -Wpointer-arith -Wimplicit-fallthrough -Wshadow -Wvla -Wformat=2 -Wno-format-nonliteral -Werror -DCHECK_FUNCTION_EXISTS=pthread_create -O2 -g -DNDEBUG -Wl,--build-id=sha1 -Wl,--no-rosegment -Wl,--fatal-warnings -Qunused-arguments -Wl,--no-undefined  -Wl,--gc-sections  CMakeFiles/cmTC_5fe6f.dir/CheckFunctionExists.c.o -o cmTC_5fe6f  -lpthreads  -latomic -lm 
ld: error: unable to find library -lpthreads
clang: error: linker command failed with exit code 1 (use -v to see invocation)
CMakeFiles/cmTC_5fe6f.dir/build.make:99: recipe for target 'cmTC_5fe6f' failed
make[1]: *** [cmTC_5fe6f] Error 1
make[1]: выход из каталога «/home/aleksandr/AndroidStudioProjects/libs/mbedtls/build/x86/CMakeFiles/CMakeTmp»
Makefile:127: recipe for target 'cmTC_5fe6f/fast' failed
make: *** [cmTC_5fe6f/fast] Error 2



Determining if the function pthread_create exists in the pthread failed with the following output:
Change Dir: /home/aleksandr/AndroidStudioProjects/libs/mbedtls/build/x86/CMakeFiles/CMakeTmp

Run Build Command(s):/usr/bin/make -f Makefile cmTC_03514/fast && /usr/bin/make  -f CMakeFiles/cmTC_03514.dir/build.make CMakeFiles/cmTC_03514.dir/build
make[1]: вход в каталог «/home/aleksandr/AndroidStudioProjects/libs/mbedtls/build/x86/CMakeFiles/CMakeTmp»
Building C object CMakeFiles/cmTC_03514.dir/CheckFunctionExists.c.o
/home/aleksandr/Android/Sdk/ndk/23.1.7779620/toolchains/llvm/prebuilt/linux-x86_64/bin/clang --target=i686-none-linux-android16 --sysroot=/home/aleksandr/Android/Sdk/ndk/23.1.7779620/toolchains/llvm/prebuilt/linux-x86_64/sysroot   -DANDROID -fdata-sections -ffunction-sections -funwind-tables -fstack-protector-strong -no-canonical-prefixes -mstackrealign -D_FORTIFY_SOURCE=2 -Wformat -Werror=format-security -fexceptions -Wall -Wextra -Wwrite-strings -Wpointer-arith -Wimplicit-fallthrough -Wshadow -Wvla -Wformat=2 -Wno-format-nonliteral -Werror -DCHECK_FUNCTION_EXISTS=pthread_create -O2 -g -DNDEBUG -fPIE -MD -MT CMakeFiles/cmTC_03514.dir/CheckFunctionExists.c.o -MF CMakeFiles/cmTC_03514.dir/CheckFunctionExists.c.o.d -o CMakeFiles/cmTC_03514.dir/CheckFunctionExists.c.o -c /usr/local/share/cmake-3.22/Modules/CheckFunctionExists.c
Linking C executable cmTC_03514
/usr/local/bin/cmake -E cmake_link_script CMakeFiles/cmTC_03514.dir/link.txt --verbose=1
/home/aleksandr/Android/Sdk/ndk/23.1.7779620/toolchains/llvm/prebuilt/linux-x86_64/bin/clang --target=i686-none-linux-android16 --sysroot=/home/aleksandr/Android/Sdk/ndk/23.1.7779620/toolchains/llvm/prebuilt/linux-x86_64/sysroot -DANDROID -fdata-sections -ffunction-sections -funwind-tables -fstack-protector-strong -no-canonical-prefixes -mstackrealign -D_FORTIFY_SOURCE=2 -Wformat -Werror=format-security -fexceptions -Wall -Wextra -Wwrite-strings -Wpointer-arith -Wimplicit-fallthrough -Wshadow -Wvla -Wformat=2 -Wno-format-nonliteral -Werror -DCHECK_FUNCTION_EXISTS=pthread_create -O2 -g -DNDEBUG -Wl,--build-id=sha1 -Wl,--no-rosegment -Wl,--fatal-warnings -Qunused-arguments -Wl,--no-undefined  -Wl,--gc-sections  CMakeFiles/cmTC_03514.dir/CheckFunctionExists.c.o -o cmTC_03514  -lpthread  -latomic -lm 
ld: error: unable to find library -lpthread
clang: error: linker command failed with exit code 1 (use -v to see invocation)
CMakeFiles/cmTC_03514.dir/build.make:99: recipe for target 'cmTC_03514' failed
make[1]: *** [cmTC_03514] Error 1
make[1]: выход из каталога «/home/aleksandr/AndroidStudioProjects/libs/mbedtls/build/x86/CMakeFiles/CMakeTmp»
Makefile:127: recipe for target 'cmTC_03514/fast' failed
make: *** [cmTC_03514/fast] Error 2



