Performing C++ SOURCE FILE Test CMAKE_HAVE_LIBC_PTHREAD failed with the following output:
Change Dir: /home/ilya/AndroidStudioProjects/SoftwareDev-BMSTU/fclient/libs/spdlog/build/armeabi-v7a/CMakeFiles/CMakeTmp

Run Build Command(s):/usr/bin/make -f Makefile cmTC_980ab/fast && /usr/bin/make  -f CMakeFiles/cmTC_980ab.dir/build.make CMakeFiles/cmTC_980ab.dir/build
make[1]: Entering directory '/home/ilya/AndroidStudioProjects/SoftwareDev-BMSTU/fclient/libs/spdlog/build/armeabi-v7a/CMakeFiles/CMakeTmp'
Building CXX object CMakeFiles/cmTC_980ab.dir/src.cxx.o
/home/ilya/Android/Sdk/ndk/25.2.9519653/toolchains/llvm/prebuilt/linux-x86_64/bin/clang++ --target=armv7-none-linux-androideabi19 --sysroot=/home/ilya/Android/Sdk/ndk/25.2.9519653/toolchains/llvm/prebuilt/linux-x86_64/sysroot -DCMAKE_HAVE_LIBC_PTHREAD  -g -DANDROID -fdata-sections -ffunction-sections -funwind-tables -fstack-protector-strong -no-canonical-prefixes -D_FORTIFY_SOURCE=2 -march=armv7-a -mthumb -Wformat -Werror=format-security  -DSPDLOG_COMPILED_LIB  -fPIE -std=c++11 -MD -MT CMakeFiles/cmTC_980ab.dir/src.cxx.o -MF CMakeFiles/cmTC_980ab.dir/src.cxx.o.d -o CMakeFiles/cmTC_980ab.dir/src.cxx.o -c /home/ilya/AndroidStudioProjects/SoftwareDev-BMSTU/fclient/libs/spdlog/build/armeabi-v7a/CMakeFiles/CMakeTmp/src.cxx
/home/ilya/AndroidStudioProjects/SoftwareDev-BMSTU/fclient/libs/spdlog/build/armeabi-v7a/CMakeFiles/CMakeTmp/src.cxx:13:3: error: use of undeclared identifier 'pthread_cancel'
  pthread_cancel(thread);
  ^
1 error generated.
make[1]: *** [CMakeFiles/cmTC_980ab.dir/build.make:79: CMakeFiles/cmTC_980ab.dir/src.cxx.o] Error 1
make[1]: Leaving directory '/home/ilya/AndroidStudioProjects/SoftwareDev-BMSTU/fclient/libs/spdlog/build/armeabi-v7a/CMakeFiles/CMakeTmp'
make: *** [Makefile:127: cmTC_980ab/fast] Error 2


Source file was:
#include <pthread.h>

static void* test_func(void* data)
{
  return data;
}

int main(void)
{
  pthread_t thread;
  pthread_create(&thread, NULL, test_func, NULL);
  pthread_detach(thread);
  pthread_cancel(thread);
  pthread_join(thread, NULL);
  pthread_atfork(NULL, NULL, NULL);
  pthread_exit(NULL);

  return 0;
}

Determining if the function pthread_create exists in the pthreads failed with the following output:
Change Dir: /home/ilya/AndroidStudioProjects/SoftwareDev-BMSTU/fclient/libs/spdlog/build/armeabi-v7a/CMakeFiles/CMakeTmp

Run Build Command(s):/usr/bin/make -f Makefile cmTC_30196/fast && /usr/bin/make  -f CMakeFiles/cmTC_30196.dir/build.make CMakeFiles/cmTC_30196.dir/build
make[1]: Entering directory '/home/ilya/AndroidStudioProjects/SoftwareDev-BMSTU/fclient/libs/spdlog/build/armeabi-v7a/CMakeFiles/CMakeTmp'
Building CXX object CMakeFiles/cmTC_30196.dir/CheckFunctionExists.cxx.o
/home/ilya/Android/Sdk/ndk/25.2.9519653/toolchains/llvm/prebuilt/linux-x86_64/bin/clang++ --target=armv7-none-linux-androideabi19 --sysroot=/home/ilya/Android/Sdk/ndk/25.2.9519653/toolchains/llvm/prebuilt/linux-x86_64/sysroot   -g -DANDROID -fdata-sections -ffunction-sections -funwind-tables -fstack-protector-strong -no-canonical-prefixes -D_FORTIFY_SOURCE=2 -march=armv7-a -mthumb -Wformat -Werror=format-security  -DSPDLOG_COMPILED_LIB -DCHECK_FUNCTION_EXISTS=pthread_create -fPIE -std=c++11 -MD -MT CMakeFiles/cmTC_30196.dir/CheckFunctionExists.cxx.o -MF CMakeFiles/cmTC_30196.dir/CheckFunctionExists.cxx.o.d -o CMakeFiles/cmTC_30196.dir/CheckFunctionExists.cxx.o -c /home/ilya/AndroidStudioProjects/SoftwareDev-BMSTU/fclient/libs/spdlog/build/armeabi-v7a/CMakeFiles/CheckLibraryExists/CheckFunctionExists.cxx
Linking CXX executable cmTC_30196
/home/ilya/Android/Sdk/cmake/3.22.1/bin/cmake -E cmake_link_script CMakeFiles/cmTC_30196.dir/link.txt --verbose=1
/home/ilya/Android/Sdk/ndk/25.2.9519653/toolchains/llvm/prebuilt/linux-x86_64/bin/clang++ --target=armv7-none-linux-androideabi19 --sysroot=/home/ilya/Android/Sdk/ndk/25.2.9519653/toolchains/llvm/prebuilt/linux-x86_64/sysroot -g -DANDROID -fdata-sections -ffunction-sections -funwind-tables -fstack-protector-strong -no-canonical-prefixes -D_FORTIFY_SOURCE=2 -march=armv7-a -mthumb -Wformat -Werror=format-security  -DSPDLOG_COMPILED_LIB -DCHECK_FUNCTION_EXISTS=pthread_create -static-libstdc++ -Wl,--build-id=sha1 -Wl,--no-rosegment -Wl,--fatal-warnings -Wl,--no-undefined -Qunused-arguments    CMakeFiles/cmTC_30196.dir/CheckFunctionExists.cxx.o -o cmTC_30196  -lpthreads -latomic -lm 
ld: error: unable to find library -lpthreads
clang++: error: linker command failed with exit code 1 (use -v to see invocation)
make[1]: *** [CMakeFiles/cmTC_30196.dir/build.make:100: cmTC_30196] Error 1
make[1]: Leaving directory '/home/ilya/AndroidStudioProjects/SoftwareDev-BMSTU/fclient/libs/spdlog/build/armeabi-v7a/CMakeFiles/CMakeTmp'
make: *** [Makefile:127: cmTC_30196/fast] Error 2



Determining if the function pthread_create exists in the pthread failed with the following output:
Change Dir: /home/ilya/AndroidStudioProjects/SoftwareDev-BMSTU/fclient/libs/spdlog/build/armeabi-v7a/CMakeFiles/CMakeTmp

Run Build Command(s):/usr/bin/make -f Makefile cmTC_114a5/fast && /usr/bin/make  -f CMakeFiles/cmTC_114a5.dir/build.make CMakeFiles/cmTC_114a5.dir/build
make[1]: Entering directory '/home/ilya/AndroidStudioProjects/SoftwareDev-BMSTU/fclient/libs/spdlog/build/armeabi-v7a/CMakeFiles/CMakeTmp'
Building CXX object CMakeFiles/cmTC_114a5.dir/CheckFunctionExists.cxx.o
/home/ilya/Android/Sdk/ndk/25.2.9519653/toolchains/llvm/prebuilt/linux-x86_64/bin/clang++ --target=armv7-none-linux-androideabi19 --sysroot=/home/ilya/Android/Sdk/ndk/25.2.9519653/toolchains/llvm/prebuilt/linux-x86_64/sysroot   -g -DANDROID -fdata-sections -ffunction-sections -funwind-tables -fstack-protector-strong -no-canonical-prefixes -D_FORTIFY_SOURCE=2 -march=armv7-a -mthumb -Wformat -Werror=format-security  -DSPDLOG_COMPILED_LIB -DCHECK_FUNCTION_EXISTS=pthread_create -fPIE -std=c++11 -MD -MT CMakeFiles/cmTC_114a5.dir/CheckFunctionExists.cxx.o -MF CMakeFiles/cmTC_114a5.dir/CheckFunctionExists.cxx.o.d -o CMakeFiles/cmTC_114a5.dir/CheckFunctionExists.cxx.o -c /home/ilya/AndroidStudioProjects/SoftwareDev-BMSTU/fclient/libs/spdlog/build/armeabi-v7a/CMakeFiles/CheckLibraryExists/CheckFunctionExists.cxx
Linking CXX executable cmTC_114a5
/home/ilya/Android/Sdk/cmake/3.22.1/bin/cmake -E cmake_link_script CMakeFiles/cmTC_114a5.dir/link.txt --verbose=1
/home/ilya/Android/Sdk/ndk/25.2.9519653/toolchains/llvm/prebuilt/linux-x86_64/bin/clang++ --target=armv7-none-linux-androideabi19 --sysroot=/home/ilya/Android/Sdk/ndk/25.2.9519653/toolchains/llvm/prebuilt/linux-x86_64/sysroot -g -DANDROID -fdata-sections -ffunction-sections -funwind-tables -fstack-protector-strong -no-canonical-prefixes -D_FORTIFY_SOURCE=2 -march=armv7-a -mthumb -Wformat -Werror=format-security  -DSPDLOG_COMPILED_LIB -DCHECK_FUNCTION_EXISTS=pthread_create -static-libstdc++ -Wl,--build-id=sha1 -Wl,--no-rosegment -Wl,--fatal-warnings -Wl,--no-undefined -Qunused-arguments    CMakeFiles/cmTC_114a5.dir/CheckFunctionExists.cxx.o -o cmTC_114a5  -lpthread -latomic -lm 
ld: error: unable to find library -lpthread
clang++: error: linker command failed with exit code 1 (use -v to see invocation)
make[1]: *** [CMakeFiles/cmTC_114a5.dir/build.make:100: cmTC_114a5] Error 1
make[1]: Leaving directory '/home/ilya/AndroidStudioProjects/SoftwareDev-BMSTU/fclient/libs/spdlog/build/armeabi-v7a/CMakeFiles/CMakeTmp'
make: *** [Makefile:127: cmTC_114a5/fast] Error 2



